

*******************************************************************************
Mon Feb 19 14:56:52 2018


FIT:    data read from 'Midpoint.dat' using 1:2
        format = x:z
        #datapoints = 15
        residuals are weighted equally (unit weight)

function used for fitting: f(x)
	f(x) = a*x+b
fitted parameters initialized with current variable values

iter      chisq       delta/lim  lambda   a             b            
   0 2.4070075897e+03   0.00e+00  6.43e+00    1.000000e+00   1.000000e+00
   4 1.5463859679e+00  -3.30e-02  6.43e-04    1.972137e+00  -3.316881e+00

After 4 iterations the fit converged.
final sum of squares of residuals : 1.54639
rel. change during last iteration : -3.29989e-07

degrees of freedom    (FIT_NDF)                        : 13
rms of residuals      (FIT_STDFIT) = sqrt(WSSR/ndf)    : 0.344895
variance of residuals (reduced chisquare) = WSSR/ndf   : 0.118953

Final set of parameters            Asymptotic Standard Error
=======================            ==========================
a               = 1.97214          +/- 0.01876      (0.9513%)
b               = -3.31688         +/- 0.1695       (5.112%)

correlation matrix of the fit parameters:
                a      b      
a               1.000 
b               0.851  1.000 


*******************************************************************************
Mon Feb 19 15:03:29 2018


FIT:    data read from 'Trapezoid.dat' using 1:2
        format = x:z
        #datapoints = 15
        residuals are weighted equally (unit weight)

function used for fitting: f(x)
	f(x) = a*x+b
fitted parameters initialized with current variable values

iter      chisq       delta/lim  lambda   a             b            
   0 2.1613297575e+03   0.00e+00  6.43e+00    1.000000e+00   1.000000e+00
   4 1.2068905429e+00  -2.98e-02  6.43e-04    1.968574e+00  -2.636167e+00

After 4 iterations the fit converged.
final sum of squares of residuals : 1.20689
rel. change during last iteration : -2.97603e-07

degrees of freedom    (FIT_NDF)                        : 13
rms of residuals      (FIT_STDFIT) = sqrt(WSSR/ndf)    : 0.304693
variance of residuals (reduced chisquare) = WSSR/ndf   : 0.0928377

Final set of parameters            Asymptotic Standard Error
=======================            ==========================
a               = 1.96857          +/- 0.01657      (0.842%)
b               = -2.63617         +/- 0.1498       (5.682%)

correlation matrix of the fit parameters:
                a      b      
a               1.000 
b               0.851  1.000 
